<?xml version="1.0" encoding="UTF-8" ?>
<testsuite failures="0" time="0.016" errors="0" skipped="0" tests="1" name="com.xebia.AppTest">
  <properties>
    <property name="java.runtime.name" value="Java(TM) SE Runtime Environment"/>
    <property name="sun.boot.library.path" value="c:\Program Files\Java\jdk1.6.0_22\jre\bin"/>
    <property name="java.vm.version" value="17.1-b03"/>
    <property name="java.vm.vendor" value="Sun Microsystems Inc."/>
    <property name="java.vendor.url" value="http://java.sun.com/"/>
    <property name="path.separator" value=";"/>
    <property name="java.vm.name" value="Java HotSpot(TM) Client VM"/>
    <property name="file.encoding.pkg" value="sun.io"/>
    <property name="user.country" value="US"/>
    <property name="sun.java.launcher" value="SUN_STANDARD"/>
    <property name="sun.os.patch.level" value="Service Pack 3"/>
    <property name="java.vm.specification.name" value="Java Virtual Machine Specification"/>
    <property name="user.dir" value="c:\Documents and Settings\Admin\smok_project\smok\samplejarapp"/>
    <property name="java.runtime.version" value="1.6.0_22-b04"/>
    <property name="java.awt.graphicsenv" value="sun.awt.Win32GraphicsEnvironment"/>
    <property name="basedir" value="c:\Documents and Settings\Admin\smok_project\smok\samplejarapp"/>
    <property name="java.endorsed.dirs" value="c:\Program Files\Java\jdk1.6.0_22\jre\lib\endorsed"/>
    <property name="os.arch" value="x86"/>
    <property name="surefire.real.class.path" value="C:\DOCUME~1\Admin\LOCALS~1\Temp\surefirebooter7311209170984052829.jar"/>
    <property name="java.io.tmpdir" value="C:\DOCUME~1\Admin\LOCALS~1\Temp\"/>
    <property name="line.separator" value="
"/>
    <property name="java.vm.specification.vendor" value="Sun Microsystems Inc."/>
    <property name="user.variant" value=""/>
    <property name="os.name" value="Windows XP"/>
    <property name="sun.jnu.encoding" value="Cp1252"/>
    <property name="java.library.path" value="c:\Program Files\Java\jdk1.6.0_22\jre\bin;.;C:\WINDOWS\Sun\Java\bin;C:\WINDOWS\system32;C:\WINDOWS;c:\Documents and Settings\Admin\bin;.;C:\Program Files\Git\local\bin;C:\Program Files\Git\mingw\bin;C:\Program Files\Git\bin;c:\Perl\site\bin;c:\Perl\bin;c:\WINDOWS\system32;c:\WINDOWS;c:\WINDOWS\System32\Wbem;c:\WINDOWS\system32\WindowsPowerShell\v1.0;c:\Program Files\Common Files\Roxio Shared\DLLShared\;c:\Program Files\Common Files\Roxio Shared\10.0\DLLShared\;c:\Program Files\Java\jdk1.6.0_22\bin;c:\java\apache-maven-2.2.1\bin;c:\Program Files\TortoiseSVN\bin;c:\Program Files\MySQL\MySQL Server 5.1\bin;c:\Program Files\QuickTime\QTSystem\"/>
    <property name="surefire.test.class.path" value="c:\Documents and Settings\Admin\smok_project\smok\samplejarapp\target\test-classes;c:\Documents and Settings\Admin\smok_project\smok\samplejarapp\target\classes;C:\Documents and Settings\Admin\.m2\repository\junit\junit\4.8.1\junit-4.8.1.jar;C:\Documents and Settings\Admin\.m2\repository\org\aspectj\aspectjrt\1.6.7\aspectjrt-1.6.7.jar;"/>
    <property name="java.specification.name" value="Java Platform API Specification"/>
    <property name="java.class.version" value="50.0"/>
    <property name="sun.management.compiler" value="HotSpot Client Compiler"/>
    <property name="os.version" value="5.1"/>
    <property name="user.home" value="C:\Documents and Settings\Admin"/>
    <property name="user.timezone" value=""/>
    <property name="java.awt.printerjob" value="sun.awt.windows.WPrinterJob"/>
    <property name="java.specification.version" value="1.6"/>
    <property name="file.encoding" value="Cp1252"/>
    <property name="user.name" value="Admin"/>
    <property name="java.class.path" value="c:\Documents and Settings\Admin\smok_project\smok\samplejarapp\target\test-classes;c:\Documents and Settings\Admin\smok_project\smok\samplejarapp\target\classes;C:\Documents and Settings\Admin\.m2\repository\junit\junit\4.8.1\junit-4.8.1.jar;C:\Documents and Settings\Admin\.m2\repository\org\aspectj\aspectjrt\1.6.7\aspectjrt-1.6.7.jar;"/>
    <property name="java.vm.specification.version" value="1.0"/>
    <property name="sun.arch.data.model" value="32"/>
    <property name="java.home" value="c:\Program Files\Java\jdk1.6.0_22\jre"/>
    <property name="java.specification.vendor" value="Sun Microsystems Inc."/>
    <property name="user.language" value="en"/>
    <property name="awt.toolkit" value="sun.awt.windows.WToolkit"/>
    <property name="java.vm.info" value="mixed mode, sharing"/>
    <property name="java.version" value="1.6.0_22"/>
    <property name="java.ext.dirs" value="c:\Program Files\Java\jdk1.6.0_22\jre\lib\ext;C:\WINDOWS\Sun\Java\lib\ext"/>
    <property name="sun.boot.class.path" value="c:\Program Files\Java\jdk1.6.0_22\jre\lib\resources.jar;c:\Program Files\Java\jdk1.6.0_22\jre\lib\rt.jar;c:\Program Files\Java\jdk1.6.0_22\jre\lib\sunrsasign.jar;c:\Program Files\Java\jdk1.6.0_22\jre\lib\jsse.jar;c:\Program Files\Java\jdk1.6.0_22\jre\lib\jce.jar;c:\Program Files\Java\jdk1.6.0_22\jre\lib\charsets.jar;c:\Program Files\Java\jdk1.6.0_22\jre\classes"/>
    <property name="java.vendor" value="Sun Microsystems Inc."/>
    <property name="localRepository" value="C:\Documents and Settings\Admin\.m2\repository"/>
    <property name="file.separator" value="\"/>
    <property name="java.vendor.url.bug" value="http://java.sun.com/cgi-bin/bugreport.cgi"/>
    <property name="sun.cpu.endian" value="little"/>
    <property name="sun.io.unicode.encoding" value="UnicodeLittle"/>
    <property name="sun.desktop" value="windows"/>
    <property name="sun.cpu.isalist" value="pentium_pro+mmx pentium_pro pentium+mmx pentium i486 i386 i86"/>
  </properties>
  <testcase time="0" classname="com.xebia.AppTest" name="testApp"/>
</testsuite>