<?xml version="1.0" encoding="UTF-8" ?>
<testsuite failures="0" time="0.05" errors="0" skipped="0" tests="1" name="com.xebia.AppTest">
  <properties>
    <property name="java.runtime.name" value="Java(TM) SE Runtime Environment"/>
    <property name="sun.boot.library.path" value="C:\sandy\personal\Java\jdk\jdk1.6.0_22\jre\bin"/>
    <property name="java.vm.version" value="17.1-b03"/>
    <property name="java.vm.vendor" value="Sun Microsystems Inc."/>
    <property name="java.vendor.url" value="http://java.sun.com/"/>
    <property name="path.separator" value=";"/>
    <property name="java.vm.name" value="Java HotSpot(TM) Client VM"/>
    <property name="file.encoding.pkg" value="sun.io"/>
    <property name="user.country" value="US"/>
    <property name="sun.java.launcher" value="SUN_STANDARD"/>
    <property name="sun.os.patch.level" value="Service Pack 1"/>
    <property name="java.vm.specification.name" value="Java Virtual Machine Specification"/>
    <property name="user.dir" value="C:\sandy\interest\xebia\smok\samplejarapp"/>
    <property name="java.runtime.version" value="1.6.0_22-b04"/>
    <property name="java.awt.graphicsenv" value="sun.awt.Win32GraphicsEnvironment"/>
    <property name="basedir" value="C:\sandy\interest\xebia\smok\samplejarapp"/>
    <property name="java.endorsed.dirs" value="C:\sandy\personal\Java\jdk\jdk1.6.0_22\jre\lib\endorsed"/>
    <property name="os.arch" value="x86"/>
    <property name="surefire.real.class.path" value="C:\Users\sandeep\AppData\Local\Temp\surefirebooter6285742273256267116.jar"/>
    <property name="java.io.tmpdir" value="C:\Users\sandeep\AppData\Local\Temp\"/>
    <property name="line.separator" value="
"/>
    <property name="java.vm.specification.vendor" value="Sun Microsystems Inc."/>
    <property name="user.variant" value=""/>
    <property name="os.name" value="Windows Vista"/>
    <property name="sun.jnu.encoding" value="Cp1252"/>
    <property name="java.library.path" value="C:\sandy\personal\Java\jdk\jdk1.6.0_22\jre\bin;.;C:\Windows\Sun\Java\bin;C:\Windows\system32;C:\Windows;C:\Perl64\site\bin;C:\Perl64\bin;C:\Perl\site\bin;C:\Perl\bin;C:\Windows\system32;C:\Windows;C:\Windows\System32\Wbem;C:\Program Files\Intel\WiFi\bin\;C:\Program Files (x86)\MySQL\MySQL Server 5.1\bin;C:\Program Files\SlikSvn\bin\;C:\Program Files (x86)\TortoiseSVN\bin;C:\Program Files\TortoiseSVN\bin;C:\sandy\MAVEN\apache-maven-2.2.1\bin;C:\sandy\personal\Java\jdk\jdk1.6.0_22\bin;C:\Windows\System32\WindowsPowerShell\v1.0\;C:\sandy\ant\apache-ant-1.7.1\bin;C:\Program Files (x86)\Subversion\bin"/>
    <property name="surefire.test.class.path" value="C:\sandy\interest\xebia\smok\samplejarapp\target\test-classes;C:\sandy\interest\xebia\smok\samplejarapp\target\classes;C:\Users\sandeep\.m2\repository\junit\junit\4.8.1\junit-4.8.1.jar;C:\Users\sandeep\.m2\repository\org\aspectj\aspectjrt\1.6.7\aspectjrt-1.6.7.jar;C:\Users\sandeep\.m2\repository\com\xebia\xmok\SmokXmlReader\0.0.1-SNAPSHOT\SmokXmlReader-0.0.1-SNAPSHOT.jar;C:\Users\sandeep\.m2\repository\org\hamcrest\hamcrest-all\1.1\hamcrest-all-1.1.jar;C:\Users\sandeep\.m2\repository\org\mockito\mockito-all\1.8.5\mockito-all-1.8.5.jar;C:\Users\sandeep\.m2\repository\com\thoughtworks\xstream\xstream\1.3.1\xstream-1.3.1.jar;C:\Users\sandeep\.m2\repository\xpp3\xpp3_min\1.1.4c\xpp3_min-1.1.4c.jar;C:\Users\sandeep\.m2\repository\org\apache\velocity\velocity\1.5\velocity-1.5.jar;C:\Users\sandeep\.m2\repository\commons-collections\commons-collections\3.1\commons-collections-3.1.jar;C:\Users\sandeep\.m2\repository\commons-lang\commons-lang\2.1\commons-lang-2.1.jar;C:\Users\sandeep\.m2\repository\oro\oro\2.0.8\oro-2.0.8.jar;C:\Users\sandeep\.m2\repository\org\springframework\spring-beans\3.0.3.RELEASE\spring-beans-3.0.3.RELEASE.jar;C:\Users\sandeep\.m2\repository\org\springframework\spring-core\3.0.3.RELEASE\spring-core-3.0.3.RELEASE.jar;C:\Users\sandeep\.m2\repository\org\springframework\spring-asm\3.0.3.RELEASE\spring-asm-3.0.3.RELEASE.jar;C:\Users\sandeep\.m2\repository\commons-logging\commons-logging\1.1.1\commons-logging-1.1.1.jar;"/>
    <property name="java.specification.name" value="Java Platform API Specification"/>
    <property name="java.class.version" value="50.0"/>
    <property name="sun.management.compiler" value="HotSpot Client Compiler"/>
    <property name="os.version" value="6.0"/>
    <property name="user.home" value="C:\Users\sandeep"/>
    <property name="user.timezone" value=""/>
    <property name="java.awt.printerjob" value="sun.awt.windows.WPrinterJob"/>
    <property name="java.specification.version" value="1.6"/>
    <property name="file.encoding" value="Cp1252"/>
    <property name="user.name" value="sandeep"/>
    <property name="java.class.path" value="C:\sandy\interest\xebia\smok\samplejarapp\target\test-classes;C:\sandy\interest\xebia\smok\samplejarapp\target\classes;C:\Users\sandeep\.m2\repository\junit\junit\4.8.1\junit-4.8.1.jar;C:\Users\sandeep\.m2\repository\org\aspectj\aspectjrt\1.6.7\aspectjrt-1.6.7.jar;C:\Users\sandeep\.m2\repository\com\xebia\xmok\SmokXmlReader\0.0.1-SNAPSHOT\SmokXmlReader-0.0.1-SNAPSHOT.jar;C:\Users\sandeep\.m2\repository\org\hamcrest\hamcrest-all\1.1\hamcrest-all-1.1.jar;C:\Users\sandeep\.m2\repository\org\mockito\mockito-all\1.8.5\mockito-all-1.8.5.jar;C:\Users\sandeep\.m2\repository\com\thoughtworks\xstream\xstream\1.3.1\xstream-1.3.1.jar;C:\Users\sandeep\.m2\repository\xpp3\xpp3_min\1.1.4c\xpp3_min-1.1.4c.jar;C:\Users\sandeep\.m2\repository\org\apache\velocity\velocity\1.5\velocity-1.5.jar;C:\Users\sandeep\.m2\repository\commons-collections\commons-collections\3.1\commons-collections-3.1.jar;C:\Users\sandeep\.m2\repository\commons-lang\commons-lang\2.1\commons-lang-2.1.jar;C:\Users\sandeep\.m2\repository\oro\oro\2.0.8\oro-2.0.8.jar;C:\Users\sandeep\.m2\repository\org\springframework\spring-beans\3.0.3.RELEASE\spring-beans-3.0.3.RELEASE.jar;C:\Users\sandeep\.m2\repository\org\springframework\spring-core\3.0.3.RELEASE\spring-core-3.0.3.RELEASE.jar;C:\Users\sandeep\.m2\repository\org\springframework\spring-asm\3.0.3.RELEASE\spring-asm-3.0.3.RELEASE.jar;C:\Users\sandeep\.m2\repository\commons-logging\commons-logging\1.1.1\commons-logging-1.1.1.jar;"/>
    <property name="java.vm.specification.version" value="1.0"/>
    <property name="sun.arch.data.model" value="32"/>
    <property name="java.home" value="C:\sandy\personal\Java\jdk\jdk1.6.0_22\jre"/>
    <property name="java.specification.vendor" value="Sun Microsystems Inc."/>
    <property name="user.language" value="en"/>
    <property name="awt.toolkit" value="sun.awt.windows.WToolkit"/>
    <property name="java.vm.info" value="mixed mode, sharing"/>
    <property name="java.version" value="1.6.0_22"/>
    <property name="java.ext.dirs" value="C:\sandy\personal\Java\jdk\jdk1.6.0_22\jre\lib\ext;C:\Windows\Sun\Java\lib\ext"/>
    <property name="sun.boot.class.path" value="C:\sandy\personal\Java\jdk\jdk1.6.0_22\jre\lib\resources.jar;C:\sandy\personal\Java\jdk\jdk1.6.0_22\jre\lib\rt.jar;C:\sandy\personal\Java\jdk\jdk1.6.0_22\jre\lib\sunrsasign.jar;C:\sandy\personal\Java\jdk\jdk1.6.0_22\jre\lib\jsse.jar;C:\sandy\personal\Java\jdk\jdk1.6.0_22\jre\lib\jce.jar;C:\sandy\personal\Java\jdk\jdk1.6.0_22\jre\lib\charsets.jar;C:\sandy\personal\Java\jdk\jdk1.6.0_22\jre\classes"/>
    <property name="java.vendor" value="Sun Microsystems Inc."/>
    <property name="localRepository" value="C:\Users\sandeep\.m2\repository"/>
    <property name="file.separator" value="\"/>
    <property name="java.vendor.url.bug" value="http://java.sun.com/cgi-bin/bugreport.cgi"/>
    <property name="sun.cpu.endian" value="little"/>
    <property name="sun.io.unicode.encoding" value="UnicodeLittle"/>
    <property name="sun.desktop" value="windows"/>
    <property name="sun.cpu.isalist" value="pentium_pro+mmx pentium_pro pentium+mmx pentium i486 i386 i86"/>
  </properties>
  <testcase time="0.007" classname="com.xebia.AppTest" name="testApp"/>
</testsuite>